<?xml version="1.0" encoding="UTF-8"?>
<!-- Generated by org.testng.reporters.JUnitReportReporter -->
<testsuite hostname="DESKTOP-2R7I815" failures="0" tests="1" name="Demo.Dnse" time="14.459" errors="0" timestamp="2024-10-14T23:28:06 ICT" skipped="0">
  <testcase classname="Demo.Dnse" name="TC_0001_Get_share_link" time="14.459"/>
  <system-out/>
</testsuite> <!-- Demo.Dnse -->
